{"event": "task_updated", "task_id": 123, "title": "Test task"}
{"event": "task_updated", "task_id": 123, "title": "Test task"}
{"event": "task_updated", "task_id": 123, "title": "Test task"}
{"event": "task_updated", "task_id": 123, "title": "Test task"}
{"event": "task_updated", "task_id": 123, "title": "Test task"}
{"event": "task_updated", "task_id": 123, "title": "Test task"}
{"event": "task_updated", "task_id": 123, "title": "Test task"}
{"event": "task_updated", "task_id": 123, "title": "Test task"}
{"event": "task_updated", "task_id": 123, "title": "Test task"}
{"event": "task_updated", "task_id": 123, "title": "Test task"}
{"event": "task_updated", "task_id": 123, "title": "Test task"}
{"event": "task_updated", "task_id": 123, "title": "Test task"}
{"event": "task_updated", "task_id": 123, "title": "Test task"}
{"event": "task_updated", "task_id": 123, "title": "Test task"}
{"event": "task_updated2", "task_id": 123, "title": "Test task"}
Client error: `POST https://api.telegram.org/bot7870383480:AAEeeIInbFy6jYUNCIpv3ghJvwrvErSXjMU/sendMessage` resulted in a `400 Bad Request` response:
{"ok":false,"error_code":400,"description":"Bad Request: can't parse entities: Can't find end of the entity starting at  (truncated...)


{"event": "task_updated", "task_id": 123, "title": "Test task"}
{"event": "task_updated2", "task_id": 123, "title": "Test task"}
Client error: `POST https://api.telegram.org/bot7870383480:AAEeeIInbFy6jYUNCIpv3ghJvwrvErSXjMU/sendMessage` resulted in a `400 Bad Request` response:
{"ok":false,"error_code":400,"description":"Bad Request: can't parse entities: Can't find end of the entity starting at  (truncated...)


{"event": "task_updated2", "task_id": 123, "title": "Test task"}
Client error: `POST https://api.telegram.org/bot7870383480:AAEeeIInbFy6jYUNCIpv3ghJvwrvErSXjMU/sendMessage` resulted in a `400 Bad Request` response:
{"ok":false,"error_code":400,"description":"Bad Request: can't parse entities: Can't find end of the entity starting at  (truncated...)


{"event": "task_updated", "task_id": 123, "title": "Test task"}
{"event": "task_updated2", "task_id": 123, "title": "Test task"}
Client error: `POST https://api.telegram.org/bot7870383480:AAEeeIInbFy6jYUNCIpv3ghJvwrvErSXjMU/sendMessage` resulted in a `400 Bad Request` response:
{"ok":false,"error_code":400,"description":"Bad Request: can't parse entities: Can't find end of the entity starting at  (truncated...)


{"event": "task_updated2", "task_id": 123, "title": "Test task"}
Client error: `POST https://api.telegram.org/bot7870383480:AAEeeIInbFy6jYUNCIpv3ghJvwrvErSXjMU/sendMessage` resulted in a `400 Bad Request` response:
{"ok":false,"error_code":400,"description":"Bad Request: can't parse entities: Can't find end of the entity starting at  (truncated...)


{"event": "task_updated2", "task_id": 123, "title": "Test task"}
Client error: `POST https://api.telegram.org/bot7870383480:AAEeeIInbFy6jYUNCIpv3ghJvwrvErSXjMU/sendMessage` resulted in a `400 Bad Request` response:
{"ok":false,"error_code":400,"description":"Bad Request: can't parse entities: Can't find end of the entity starting at  (truncated...)


{"event": "task_updated", "task_id": 123, "title": "Test task"}
{"event": "task_updated", "task_id": 123, "title": "Test task"}

{"event": "task_updated", "task_id": 123, "title": "Test task"}


{"meta":{"module":"task","model":"tasks","action":"id:136, title:\u0421\u044a\u0435\u0441\u0442\u044c \u043a\u043e\u0437\u0443"},"current":{"id":136,"name":"\u0421\u044a\u0435\u0441\u0442\u044c \u043a\u043e\u0437\u0443","description":"","report":"","parent_id":0,"prev_task_id":0,"deadline":"0000-00-00 00:00:00","deadline_allowchange":0,"plan_start_date":"","plan_end_date":"","priority":2,"task_checkbyowner":0,"responsible_id":0,"time_estimate":0,"time_spent":0,"cost":0,"price":0,"cost_type":"","price_type":"","status_firstviewdate":"","status":1,"start_date":"","closed_date":"","first_closed_date":"","closed_by":0,"return_count":0,"rating":0,"ref":"","ref_id":"","module":"","model":"","model_id":0,"type":0,"report_complete":"","all_day":0,"ordering":2752600,"uuid":"4e4bb177-bc24-11f0-a2eb-fa163e2ff576","public_template":0,"template_id":0,"is_repeat":0,"is_recurrence":0,"recurrence_id":0,"recurrence_parent_id":0,"recurrence_original_start_date":"","event_location":"","event_color":"","event_busy_status":0,"event_access_type":0,"event_calendar_id":0,"event_type":0,"event_etag":"","event_sync_type":0,"extra_fields":"{\"_dgc\":{\"get_file_for_card\":null,\"comments_count\":0}}","archive_status":0,"is_hidden":0,"workflow_id":1,"workflow_stage_id":1,"deleted_at":null,"deadline_f_atom":"","plan_start_date_f_atom":"","plan_end_date_f_atom":"","created_date":"2025-11-08 00:54:16","created_date_f_atom":"2025-11-08T00:54:16+03:00","owner_id":395437,"updated_date":"2025-11-08 00:54:16","updated_date_f_atom":"2025-11-08T00:54:16+03:00","updated_by":0,"status_firstviewdate_f_atom":"","start_date_f_atom":"","closed_date_f_atom":"","first_closed_date_f_atom":"","status_updated_date":"","status_updated_date_f_atom":"","status_updated_by":0,"project_stage_id":0,"project_checkitem_id":0,"crm_account_id":0,"recurrence_original_start_date_f_atom":""},"previous":null}
{"event": "task_updated", "task_id": 123, "title": "Test task"}




{"meta":{"module":"task","model":"tasks","action":"id:137, title:\u043f\u043e\u043c\u044b\u0442\u044c \u043a\u043e\u0437\u0443"},"current":{"id":137,"name":"\u043f\u043e\u043c\u044b\u0442\u044c \u043a\u043e\u0437\u0443","description":"","report":"","parent_id":0,"prev_task_id":0,"deadline":"0000-00-00 00:00:00","deadline_allowchange":0,"plan_start_date":"","plan_end_date":"","priority":2,"task_checkbyowner":0,"responsible_id":0,"time_estimate":0,"time_spent":0,"cost":0,"price":0,"cost_type":"","price_type":"","status_firstviewdate":"","status":1,"start_date":"","closed_date":"","first_closed_date":"","closed_by":0,"return_count":0,"rating":0,"ref":"","ref_id":"","module":"","model":"","model_id":0,"type":0,"report_complete":"","all_day":0,"ordering":2818140,"uuid":"fbe9b783-bcdb-11f0-a2eb-fa163e2ff576","public_template":0,"template_id":0,"is_repeat":0,"is_recurrence":0,"recurrence_id":0,"recurrence_parent_id":0,"recurrence_original_start_date":"","event_location":"","event_color":"","event_busy_status":0,"event_access_type":0,"event_calendar_id":0,"event_type":0,"event_etag":"","event_sync_type":0,"extra_fields":"{\"_dgc\":{\"get_file_for_card\":null,\"comments_count\":0}}","archive_status":0,"is_hidden":0,"workflow_id":1,"workflow_stage_id":1,"deleted_at":null,"deadline_f_atom":"","plan_start_date_f_atom":"","plan_end_date_f_atom":"","created_date":"2025-11-08 22:49:05","created_date_f_atom":"2025-11-08T22:49:05+03:00","owner_id":395437,"updated_date":"2025-11-08 22:49:05","updated_date_f_atom":"2025-11-08T22:49:05+03:00","updated_by":0,"status_firstviewdate_f_atom":"","start_date_f_atom":"","closed_date_f_atom":"","first_closed_date_f_atom":"","status_updated_date":"","status_updated_date_f_atom":"","status_updated_by":0,"project_stage_id":0,"project_checkitem_id":0,"crm_account_id":0,"recurrence_original_start_date_f_atom":""},"previous":null}
{"meta":{"module":"task","model":"tasks","action":"id:138, title:\u043f\u043e\u043c\u044b\u0442\u044c 2 \u043a\u043e\u0437\u0443"},"current":{"id":138,"name":"\u043f\u043e\u043c\u044b\u0442\u044c 2 \u043a\u043e\u0437\u0443","description":"","report":"","parent_id":0,"prev_task_id":0,"deadline":"0000-00-00 00:00:00","deadline_allowchange":0,"plan_start_date":"","plan_end_date":"","priority":2,"task_checkbyowner":0,"responsible_id":0,"time_estimate":0,"time_spent":0,"cost":0,"price":0,"cost_type":"","price_type":"","status_firstviewdate":"","status":1,"start_date":"","closed_date":"","first_closed_date":"","closed_by":0,"return_count":0,"rating":0,"ref":"","ref_id":"","module":"","model":"","model_id":0,"type":0,"report_complete":"","all_day":0,"ordering":2883680,"uuid":"40aee2ca-bcdc-11f0-a2eb-fa163e2ff576","public_template":0,"template_id":0,"is_repeat":0,"is_recurrence":0,"recurrence_id":0,"recurrence_parent_id":0,"recurrence_original_start_date":"","event_location":"","event_color":"","event_busy_status":0,"event_access_type":0,"event_calendar_id":0,"event_type":0,"event_etag":"","event_sync_type":0,"extra_fields":"{\"_dgc\":{\"get_file_for_card\":null,\"comments_count\":0}}","archive_status":0,"is_hidden":0,"workflow_id":1,"workflow_stage_id":1,"deleted_at":null,"deadline_f_atom":"","plan_start_date_f_atom":"","plan_end_date_f_atom":"","created_date":"2025-11-08 22:51:01","created_date_f_atom":"2025-11-08T22:51:01+03:00","owner_id":395437,"updated_date":"2025-11-08 22:51:01","updated_date_f_atom":"2025-11-08T22:51:01+03:00","updated_by":0,"status_firstviewdate_f_atom":"","start_date_f_atom":"","closed_date_f_atom":"","first_closed_date_f_atom":"","status_updated_date":"","status_updated_date_f_atom":"","status_updated_by":0,"project_stage_id":0,"project_checkitem_id":0,"crm_account_id":0,"recurrence_original_start_date_f_atom":""},"previous":null}
{"event": "task_updated", "task_id": 123, "title": "Test task"}
{"meta":{"module":"task","model":"tasks","action":"id:142, title:\u0441\u043e\u0437\u0434\u0430\u043b \u0437\u0430\u0434\u0430\u0447\u0443 1"},"current":{"id":142,"name":"\u0441\u043e\u0437\u0434\u0430\u043b \u0437\u0430\u0434\u0430\u0447\u0443 1","description":"","report":"","parent_id":0,"prev_task_id":0,"deadline":"0000-00-00 00:00:00","deadline_allowchange":0,"plan_start_date":"","plan_end_date":"","priority":2,"task_checkbyowner":0,"responsible_id":0,"time_estimate":0,"time_spent":0,"cost":0,"price":0,"cost_type":"","price_type":"","status_firstviewdate":"","status":1,"start_date":"","closed_date":"","first_closed_date":"","closed_by":0,"return_count":0,"rating":0,"ref":"","ref_id":"","module":"","model":"","model_id":0,"type":0,"report_complete":"","all_day":0,"ordering":3145840,"uuid":"b3fbca3e-c3f7-11f0-a2eb-fa163e2ff576","public_template":0,"template_id":0,"is_repeat":0,"is_recurrence":0,"recurrence_id":0,"recurrence_parent_id":0,"recurrence_original_start_date":"","event_location":"","event_color":"","event_busy_status":0,"event_access_type":0,"event_calendar_id":0,"event_type":0,"event_etag":"","event_sync_type":0,"extra_fields":"{\"_dgc\":{\"get_file_for_card\":null,\"comments_count\":0}}","archive_status":0,"is_hidden":0,"workflow_id":1,"workflow_stage_id":1,"deleted_at":null,"deadline_f_atom":"","plan_start_date_f_atom":"","plan_end_date_f_atom":"","created_date":"2025-11-17 23:55:09","created_date_f_atom":"2025-11-17T23:55:09+03:00","owner_id":395437,"updated_date":"2025-11-17 23:55:09","updated_date_f_atom":"2025-11-17T23:55:09+03:00","updated_by":0,"status_firstviewdate_f_atom":"","start_date_f_atom":"","closed_date_f_atom":"","first_closed_date_f_atom":"","status_updated_date":"","status_updated_date_f_atom":"","status_updated_by":0,"project_stage_id":0,"project_checkitem_id":0,"crm_account_id":0,"recurrence_original_start_date_f_atom":""},"previous":null}
